<?xml version="1.0" encoding="UTF-8"?>
<!-- Generated by org.testng.reporters.JUnitReportReporter -->
<testsuite hostname="wenli-fs" failures="0" tests="1" name="test.PhpWebTest" time="0.046" errors="0" timestamp="2025-01-02T17:50:19 CET" skipped="0">
  <testcase classname="test.PhpWebTest" name="pageTitleValidation" time="0.046">
    <system-out>
      <![CDATA[Expected Result = Apache2 Ubuntu Default Page: It works
Actual Result = Apache2 Ubuntu Default Page: It works]]>
    </system-out>
  </testcase> <!-- pageTitleValidation -->
  <system-out>
    <![CDATA[Expected Result = Apache2 Ubuntu Default Page: It works
Actual Result = Apache2 Ubuntu Default Page: It works]]>
  </system-out>
</testsuite> <!-- test.PhpWebTest -->
